<?xml version="1.0" encoding="UTF-8"?>
<testsuite name="com.yahoo.test.SelNG.YUI.tests.DragAndDropTestDdRows"
           tests="1"
           failures="1"
           errors="0"
           skipped="0"
           time="9.700">
  <properties />
      <testcase name="DragAndDropDdRows" time="9.700">
            <failure type="java.lang.AssertionError" 
                  message="null"
              >
<![CDATA[java.lang.AssertionError: null
  org.testng.Assert.fail(Assert.java:86)
  org.testng.Assert.fail(Assert.java:93)
  com.yahoo.test.SelNG.YUI.tests.DragAndDropTestDdRows.DragAndDropDdRows(DragAndDropTestDdRows.java:23)
  sun.reflect.NativeMethodAccessorImpl.invoke0(Native Method)
  sun.reflect.NativeMethodAccessorImpl.invoke(NativeMethodAccessorImpl.java:39)
  sun.reflect.DelegatingMethodAccessorImpl.invoke(DelegatingMethodAccessorImpl.java:25)
  java.lang.reflect.Method.invoke(Method.java:597)
  org.testng.internal.MethodHelper.invokeMethod(MethodHelper.java:607)
  org.testng.internal.Invoker.invokeMethod(Invoker.java:517)
  org.testng.internal.Invoker.invokeTestMethod(Invoker.java:669)
  org.testng.internal.Invoker.invokeTestMethods(Invoker.java:956)
  org.testng.internal.TestMethodWorker.invokeTestMethods(TestMethodWorker.java:126)
  org.testng.internal.TestMethodWorker.run(TestMethodWorker.java:110)
  org.testng.TestRunner.runWorkers(TestRunner.java:759)
  org.testng.TestRunner.privateRun(TestRunner.java:592)
  org.testng.TestRunner.run(TestRunner.java:486)
  org.testng.SuiteRunner.runTest(SuiteRunner.java:332)
  org.testng.SuiteRunner.runSequentially(SuiteRunner.java:327)
  org.testng.SuiteRunner.privateRun(SuiteRunner.java:299)
  org.testng.SuiteRunner.run(SuiteRunner.java:204)
  org.testng.TestNG.createAndRunSuiteRunners(TestNG.java:877)
  org.testng.TestNG.runSuitesLocally(TestNG.java:842)
  org.testng.TestNG.run(TestNG.java:751)
  org.testng.remote.RemoteTestNG.run(RemoteTestNG.java:73)
  org.testng.remote.RemoteTestNG.main(RemoteTestNG.java:124)
]]>
      </failure>
          </testcase>
      </testsuite>
