<html>
<head>
<title>TestNG:  YUI</title>
<link href="../testng.css" rel="stylesheet" type="text/css" />
<link href="../my-testng.css" rel="stylesheet" type="text/css" />

<style type="text/css">
.log { display: none;} 
.stack-trace { display: none;} 
</style>
<script type="text/javascript">
<!--
function flip(e) {
  current = e.style.display;
  if (current == 'block') {
    e.style.display = 'none';
    return 0;
  }
  else {
    e.style.display = 'block';
    return 1;
  }
}

function toggleBox(szDivId, elem, msg1, msg2)
{
  var res = -1;  if (document.getElementById) {
    res = flip(document.getElementById(szDivId));
  }
  else if (document.all) {
    // this is the way old msie versions work
    res = flip(document.all[szDivId]);
  }
  if(elem) {
    if(res == 0) elem.innerHTML = msg1; else elem.innerHTML = msg2;
  }

}

function toggleAllBoxes() {
  if (document.getElementsByTagName) {
    d = document.getElementsByTagName('div');
    for (i = 0; i < d.length; i++) {
      if (d[i].className == 'log') {
        flip(d[i]);
      }
    }
  }
}

// -->
</script>

</head>
<body>
<h2 align='center'>YUI</h2><table border='1' align="center">
<tr>
<td>Tests passed/Failed/Skipped:</td><td>0/1/0</td>
</tr><tr>
<td>Started on:</td><td>Tue Sep 15 14:40:42 PDT 2009</td>
</tr>
<tr><td>Total time:</td><td>17 seconds (17039 ms)</td>
</tr><tr>
<td>Included groups:</td><td>demo abstract grid </td>
</tr><tr>
<td>Excluded groups:</td><td>non-grid </td>
</tr>
</table><p/>
<small><i>(Hover the method name to see the test class name)</i></small><p/>
<table width='100%' border='1' class='invocation-failed'>
<tr><td colspan='3' align='center'><b>FAILED TESTS</b></td></tr>
<tr><td><b>Test method</b></td>
<td width="10%"><b>Time (seconds)</b></td>
<td width="30%"><b>Exception</b></td>
</tr>
<tr>
<td title='com.yahoo.test.SelNG.YUI.tests.ContainerTestOverlay.TabView()'>TabView</td>
<td>1</td>
<td><div><pre>java.lang.AssertionError: null
	at com.yahoo.test.SelNG.YUI.tests.ContainerTestOverlay.TabView(ContainerTestOverlay.java:23)
	at java.util.concurrent.ThreadPoolExecutor$Worker.runTask(ThreadPoolExecutor.java:886)
	at java.util.concurrent.ThreadPoolExecutor$Worker.run(ThreadPoolExecutor.java:908)
	at java.lang.Thread.run(Thread.java:637)
... Removed 13 stack frames</pre></div><a href='#' onClick='toggleBox("stack-trace1621935001", this, "Click to show all stack frames", "Click to hide stack frames")'>Click to show all stack frames</a>
<div class='stack-trace' id='stack-trace1621935001'><pre>java.lang.AssertionError: null
	at org.testng.Assert.fail(Assert.java:86)
	at org.testng.Assert.fail(Assert.java:93)
	at com.yahoo.test.SelNG.YUI.tests.ContainerTestOverlay.TabView(ContainerTestOverlay.java:23)
	at sun.reflect.NativeMethodAccessorImpl.invoke0(Native Method)
	at sun.reflect.NativeMethodAccessorImpl.invoke(NativeMethodAccessorImpl.java:39)
	at sun.reflect.DelegatingMethodAccessorImpl.invoke(DelegatingMethodAccessorImpl.java:25)
	at java.lang.reflect.Method.invoke(Method.java:597)
	at org.testng.internal.MethodHelper.invokeMethod(MethodHelper.java:607)
	at org.testng.internal.Invoker.invokeMethod(Invoker.java:517)
	at org.testng.internal.Invoker.invokeTestMethod(Invoker.java:669)
	at org.testng.internal.Invoker.invokeTestMethods(Invoker.java:956)
	at org.testng.internal.TestMethodWorker.invokeTestMethods(TestMethodWorker.java:126)
	at org.testng.internal.TestMethodWorker.run(TestMethodWorker.java:110)
	at org.testng.internal.thread.ThreadUtil$CountDownLatchedRunnable.run(ThreadUtil.java:132)
	at java.util.concurrent.ThreadPoolExecutor$Worker.runTask(ThreadPoolExecutor.java:886)
	at java.util.concurrent.ThreadPoolExecutor$Worker.run(ThreadPoolExecutor.java:908)
	at java.lang.Thread.run(Thread.java:637)
</pre></div></td>
</tr>
</table><p>
</body>
</html>